Performing C SOURCE FILE Test CMAKE_HAVE_LIBC_PTHREAD failed with the following output:
Change Dir: /home/oleg/TIMP/hw05/_build/CMakeFiles/CMakeTmp

Run Build Command(s):/usr/bin/make cmTC_1f9b8/fast && /usr/bin/make  -f CMakeFiles/cmTC_1f9b8.dir/build.make CMakeFiles/cmTC_1f9b8.dir/build
make[1]: вход в каталог «/home/oleg/TIMP/hw05/_build/CMakeFiles/CMakeTmp»
Building C object CMakeFiles/cmTC_1f9b8.dir/src.c.o
/usr/bin/cc   -DCMAKE_HAVE_LIBC_PTHREAD   -o CMakeFiles/cmTC_1f9b8.dir/src.c.o   -c /home/oleg/TIMP/hw05/_build/CMakeFiles/CMakeTmp/src.c
Linking C executable cmTC_1f9b8
/usr/bin/cmake -E cmake_link_script CMakeFiles/cmTC_1f9b8.dir/link.txt --verbose=1
/usr/bin/cc  -DCMAKE_HAVE_LIBC_PTHREAD    -rdynamic CMakeFiles/cmTC_1f9b8.dir/src.c.o  -o cmTC_1f9b8 
/usr/bin/ld: CMakeFiles/cmTC_1f9b8.dir/src.c.o: в функции «main»:
src.c:(.text+0x3e): неопределённая ссылка на «pthread_create»
/usr/bin/ld: src.c:(.text+0x4a): неопределённая ссылка на «pthread_detach»
/usr/bin/ld: src.c:(.text+0x56): неопределённая ссылка на «pthread_cancel»
/usr/bin/ld: src.c:(.text+0x67): неопределённая ссылка на «pthread_join»
collect2: ошибка: выполнение ld завершилось с кодом возврата 1
make[1]: *** [CMakeFiles/cmTC_1f9b8.dir/build.make:107: cmTC_1f9b8] Ошибка 1
make[1]: выход из каталога «/home/oleg/TIMP/hw05/_build/CMakeFiles/CMakeTmp»
make: *** [Makefile:141: cmTC_1f9b8/fast] Ошибка 2


Source file was:
#include <pthread.h>

void* test_func(void* data)
{
  return data;
}

int main(void)
{
  pthread_t thread;
  pthread_create(&thread, NULL, test_func, NULL);
  pthread_detach(thread);
  pthread_cancel(thread);
  pthread_join(thread, NULL);
  pthread_atfork(NULL, NULL, NULL);
  pthread_exit(NULL);

  return 0;
}

